2026-05-02 16:11:16:1116 [31merror[39m: [31m MongoDB Connection Error: connect ECONNREFUSED ::1:27107, connect ECONNREFUSED 127.0.0.1:27107[39m
2026-05-02 16:15:03:153 [31merror[39m: [31m MongoDB Connection Error: connect ECONNREFUSED ::1:27017, connect ECONNREFUSED 127.0.0.1:27017[39m
2026-05-02 16:15:45:1545 [31merror[39m: [31m MongoDB Connection Error: connect ECONNREFUSED ::1:27017, connect ECONNREFUSED 127.0.0.1:27017[39m
2026-05-02 16:18:46:1846 [31merror[39m: [31m MongoDB Connection Error: Could not connect to any servers in your MongoDB Atlas cluster. One common reason is that you're trying to access the database from an IP that isn't whitelisted. Make sure your current IP address is on your Atlas cluster's IP whitelist: https://www.mongodb.com/docs/atlas/security-whitelist/[39m
2026-05-02 16:21:50:2150 [31merror[39m: [31m MongoDB Connection Error: Could not connect to any servers in your MongoDB Atlas cluster. One common reason is that you're trying to access the database from an IP that isn't whitelisted. Make sure your current IP address is on your Atlas cluster's IP whitelist: https://www.mongodb.com/docs/atlas/security-whitelist/[39m
2026-05-02 16:22:30:2230 [31merror[39m: [31m MongoDB Connection Error: Could not connect to any servers in your MongoDB Atlas cluster. One common reason is that you're trying to access the database from an IP that isn't whitelisted. Make sure your current IP address is on your Atlas cluster's IP whitelist: https://www.mongodb.com/docs/atlas/security-whitelist/[39m
2026-05-02 16:23:06:236 [31merror[39m: [31m MongoDB Connection Error: connect ECONNREFUSED ::1:27017, connect ECONNREFUSED 127.0.0.1:27017[39m
2026-05-02 16:25:32:2532 [31merror[39m: [31m MongoDB Connection Error: connect ECONNREFUSED ::1:27017, connect ECONNREFUSED 127.0.0.1:27017[39m
2026-05-02 18:44:33:4433 [31merror[39m: [31mPOST /api/v1/auth/login - Invalid email or password[39m
2026-05-02 18:45:29:4529 [31merror[39m: [31mPOST /api/v1/auth/login - Invalid email or password[39m
2026-05-02 18:45:33:4533 [31merror[39m: [31mPOST /api/v1/auth/login - Invalid email or password[39m
2026-05-02 18:55:14:5514 [31merror[39m: [31mPOST /api/v1/auth/login - Invalid email or password[39m
2026-05-02 19:05:19:519 [31merror[39m: [31mPOST /api/v1/auth/login - Invalid email or password[39m
2026-05-02 19:07:49:749 [31merror[39m: [31mPOST /api/v1/auth/forgot-password - No user found with this email[39m
2026-05-02 19:07:50:750 [31merror[39m: [31mPOST /api/v1/auth/forgot-password - No user found with this email[39m
2026-05-02 19:07:51:751 [31merror[39m: [31mPOST /api/v1/auth/forgot-password - No user found with this email[39m
2026-05-02 19:08:01:81 [31merror[39m: [31mPOST /api/v1/auth/forgot-password - logger.error is not a function[39m
2026-05-02 19:09:02:92 [31merror[39m: [31mFailed to send reset OTP email[39m
2026-05-02 19:09:02:92 [31merror[39m: [31mMail Service Error: Failed to send email[39m
2026-05-02 19:09:02:92 [31merror[39m: [31mPOST /api/v1/auth/forgot-password - Failed to send email[39m
2026-05-02 19:09:04:94 [31merror[39m: [31mFailed to send reset OTP email[39m
2026-05-02 19:09:04:94 [31merror[39m: [31mMail Service Error: Failed to send email[39m
2026-05-02 19:09:04:94 [31merror[39m: [31mPOST /api/v1/auth/forgot-password - Failed to send email[39m
2026-05-02 19:09:36:936 [31merror[39m: [31mFailed to send reset OTP email[39m
2026-05-02 19:09:36:936 [31merror[39m: [31mMail Service Error: Failed to send email[39m
2026-05-02 19:09:36:936 [31merror[39m: [31mPOST /api/v1/auth/forgot-password - Failed to send email[39m
2026-05-02 19:10:00:100 [31merror[39m: [31mFailed to send reset OTP email[39m
2026-05-02 19:10:00:100 [31merror[39m: [31mMail Service Error: Failed to send email[39m
2026-05-02 19:10:00:100 [31merror[39m: [31mPOST /api/v1/auth/forgot-password - Failed to send email[39m
2026-05-02 19:10:11:1011 [31merror[39m: [31mPOST /api/v1/auth/login - Invalid email or password[39m
2026-05-02 19:10:12:1012 [31merror[39m: [31mPOST /api/v1/auth/login - Invalid email or password[39m
2026-05-02 19:10:29:1029 [31merror[39m: [31mPOST /api/v1/auth/login - Invalid email or password[39m
2026-05-02 19:29:56:2956 [31merror[39m: [31mGET /api/v1/users - Not authorized to access this route[39m
2026-05-02 19:29:56:2956 [31merror[39m: [31mGET /api/v1/users - Not authorized to access this route[39m
2026-05-02 19:30:07:307 [31merror[39m: [31mGET /api/v1/attendance/summary?employeeId=69f5e884b42950ab7720874a&date=2026-05-02 - Not authorized to access this route[39m
2026-05-02 19:30:19:3019 [31merror[39m: [31mGET /api/v1/auth/me - Not authorized to access this route[39m
2026-05-02 19:30:19:3019 [31merror[39m: [31mGET /api/v1/auth/me - Not authorized to access this route[39m
2026-05-02 19:30:38:3038 [31merror[39m: [31mGET /api/v1/attendance/summary?employeeId=69f5e884b42950ab7720874a&date=2026-05-02 - Not authorized to access this route[39m
2026-05-02 19:30:38:3038 [31merror[39m: [31mGET /api/v1/users - Not authorized to access this route[39m
2026-05-02 19:30:38:3038 [31merror[39m: [31mGET /api/v1/attendance/summary?employeeId=69f5e884b42950ab7720874a&date=2026-05-02 - Not authorized to access this route[39m
2026-05-02 19:30:38:3038 [31merror[39m: [31mGET /api/v1/users - Not authorized to access this route[39m
2026-05-02 19:30:43:3043 [31merror[39m: [31mGET /api/v1/users - Not authorized to access this route[39m
2026-05-02 19:30:43:3043 [31merror[39m: [31mGET /api/v1/users - Not authorized to access this route[39m
2026-05-02 19:30:46:3046 [31merror[39m: [31mGET /api/v1/attendance/summary?employeeId=69f5e884b42950ab7720874a&date=2026-05-02 - Not authorized to access this route[39m
2026-05-02 19:30:46:3046 [31merror[39m: [31mGET /api/v1/attendance/summary?employeeId=69f5e884b42950ab7720874a&date=2026-05-02 - Not authorized to access this route[39m
2026-05-02 19:30:47:3047 [31merror[39m: [31mGET /api/v1/users - Not authorized to access this route[39m
2026-05-02 19:30:47:3047 [31merror[39m: [31mGET /api/v1/users - Not authorized to access this route[39m
2026-05-02 19:31:02:312 [31merror[39m: [31mPOST /api/v1/attendance/clock-in - Not authorized to access this route[39m
2026-05-02 19:31:31:3131 [31merror[39m: [31mPOST /api/v1/attendance/clock-in - Not authorized to access this route[39m
2026-05-02 19:31:37:3137 [31merror[39m: [31mGET /api/v1/users - Not authorized to access this route[39m
2026-05-02 19:31:37:3137 [31merror[39m: [31mGET /api/v1/users - Not authorized to access this route[39m
2026-05-02 19:31:39:3139 [31merror[39m: [31mGET /api/v1/users - Not authorized to access this route[39m
2026-05-02 19:31:39:3139 [31merror[39m: [31mGET /api/v1/users - Not authorized to access this route[39m
2026-05-02 19:33:38:3338 [31merror[39m: [31mGET /api/v1/attendance/summary?employeeId=69f5e884b42950ab7720874a&date=2026-05-02 - Not authorized to access this route[39m
2026-05-02 19:33:38:3338 [31merror[39m: [31mGET /api/v1/users - Not authorized to access this route[39m
2026-05-02 19:33:38:3338 [31merror[39m: [31mGET /api/v1/attendance/summary?employeeId=69f5e884b42950ab7720874a&date=2026-05-02 - Not authorized to access this route[39m
2026-05-02 19:33:38:3338 [31merror[39m: [31mGET /api/v1/users - Not authorized to access this route[39m
2026-05-02 19:36:04:364 [31merror[39m: [31mGET /api/v1/attendance/summary?employeeId=69f5e884b42950ab7720874a&date=2026-05-02 - Not authorized to access this route[39m
2026-05-02 19:36:04:364 [31merror[39m: [31mGET /api/v1/users - Not authorized to access this route[39m
2026-05-02 19:36:04:364 [31merror[39m: [31mGET /api/v1/attendance/summary?employeeId=69f5e884b42950ab7720874a&date=2026-05-02 - Not authorized to access this route[39m
2026-05-02 19:36:04:364 [31merror[39m: [31mGET /api/v1/users - Not authorized to access this route[39m
2026-05-02 20:29:02:292 [31merror[39m: [31mGET /api/v1/auth/me - Not authorized to access this route[39m
2026-05-02 20:29:02:292 [31merror[39m: [31mGET /api/v1/auth/me - Not authorized to access this route[39m
2026-05-02 20:29:17:2917 [31merror[39m: [31mGET /api/v1/attendance/summary?employeeId=69f5e884b42950ab7720874a&date=2026-05-02 - Not authorized to access this route[39m
2026-05-02 20:29:17:2917 [31merror[39m: [31mGET /api/v1/users - Not authorized to access this route[39m
2026-05-02 20:29:17:2917 [31merror[39m: [31mGET /api/v1/attendance/summary?employeeId=69f5e884b42950ab7720874a&date=2026-05-02 - Not authorized to access this route[39m
2026-05-02 20:29:17:2917 [31merror[39m: [31mGET /api/v1/users - Not authorized to access this route[39m
2026-05-02 20:29:24:2924 [31merror[39m: [31mGET /api/v1/attendance/summary?employeeId=69f5e884b42950ab7720874a&date=2026-05-02 - Not authorized to access this route[39m
2026-05-02 20:29:24:2924 [31merror[39m: [31mGET /api/v1/attendance/summary?employeeId=69f5e884b42950ab7720874a&date=2026-05-02 - Not authorized to access this route[39m
2026-05-02 20:29:38:2938 [31merror[39m: [31mGET /api/v1/users - Not authorized to access this route[39m
2026-05-02 20:29:38:2938 [31merror[39m: [31mGET /api/v1/users - Not authorized to access this route[39m
2026-05-02 20:31:05:315 [31merror[39m: [31mGET /api/v1/auth/me - Not authorized to access this route[39m
2026-05-02 20:31:05:315 [31merror[39m: [31mGET /api/v1/auth/me - Not authorized to access this route[39m
2026-05-02 20:31:16:3116 [31merror[39m: [31mGET /api/v1/attendance/summary?employeeId=69f5e884b42950ab7720874a&date=2026-05-02 - Not authorized to access this route[39m
2026-05-02 20:31:16:3116 [31merror[39m: [31mGET /api/v1/users - Not authorized to access this route[39m
2026-05-02 20:31:16:3116 [31merror[39m: [31mGET /api/v1/attendance/summary?employeeId=69f5e884b42950ab7720874a&date=2026-05-02 - Not authorized to access this route[39m
2026-05-02 20:31:16:3116 [31merror[39m: [31mGET /api/v1/users - Not authorized to access this route[39m
2026-05-02 20:31:18:3118 [31merror[39m: [31mGET /api/v1/attendance/summary?employeeId=69f5e884b42950ab7720874a&date=2026-05-02 - Not authorized to access this route[39m
2026-05-02 20:31:18:3118 [31merror[39m: [31mGET /api/v1/users - Not authorized to access this route[39m
2026-05-02 20:31:18:3118 [31merror[39m: [31mGET /api/v1/attendance/summary?employeeId=69f5e884b42950ab7720874a&date=2026-05-02 - Not authorized to access this route[39m
2026-05-02 20:31:18:3118 [31merror[39m: [31mGET /api/v1/users - Not authorized to access this route[39m
2026-05-02 20:31:20:3120 [31merror[39m: [31mGET /api/v1/auth/me - Not authorized to access this route[39m
2026-05-02 20:31:20:3120 [31merror[39m: [31mGET /api/v1/auth/me - Not authorized to access this route[39m
2026-05-02 20:34:28:3428 [31merror[39m: [31mGET /api/v1/attendance/summary?employeeId=69f5e884b42950ab7720874a&date=2026-05-02 - Not authorized to access this route[39m
2026-05-02 20:34:28:3428 [31merror[39m: [31mGET /api/v1/users - Not authorized to access this route[39m
2026-05-02 20:34:28:3428 [31merror[39m: [31mGET /api/v1/users - Not authorized to access this route[39m
2026-05-02 20:34:28:3428 [31merror[39m: [31mGET /api/v1/attendance/summary?employeeId=69f5e884b42950ab7720874a&date=2026-05-02 - Not authorized to access this route[39m
2026-05-02 20:34:50:3450 [31merror[39m: [31mGET /api/v1/attendance/summary?employeeId=69f5e884b42950ab7720874a&date=2026-05-02 - Not authorized to access this route[39m
2026-05-02 20:34:50:3450 [31merror[39m: [31mGET /api/v1/users - Not authorized to access this route[39m
2026-05-02 20:34:50:3450 [31merror[39m: [31mGET /api/v1/attendance/summary?employeeId=69f5e884b42950ab7720874a&date=2026-05-02 - Not authorized to access this route[39m
2026-05-02 20:34:50:3450 [31merror[39m: [31mGET /api/v1/users - Not authorized to access this route[39m
2026-05-02 20:40:45:4045 [31merror[39m: [31mGET /api/v1/users - Not authorized to access this route[39m
2026-05-02 20:40:45:4045 [31merror[39m: [31mGET /api/v1/users - Not authorized to access this route[39m
2026-05-02 20:41:40:4140 [31merror[39m: [31mPOST /api/v1/users - Not authorized to access this route[39m
2026-05-02 20:44:30:4430 [31merror[39m: [31mGET /api/v1/attendance/summary?employeeId=69f5e884b42950ab7720874a&date=2026-05-02 - Not authorized to access this route[39m
2026-05-02 20:44:30:4430 [31merror[39m: [31mGET /api/v1/attendance/summary?employeeId=69f5e884b42950ab7720874a&date=2026-05-02 - Not authorized to access this route[39m
2026-05-02 20:44:30:4430 [31merror[39m: [31mGET /api/v1/users - Not authorized to access this route[39m
2026-05-02 20:44:30:4430 [31merror[39m: [31mGET /api/v1/users - Not authorized to access this route[39m
2026-05-02 20:44:31:4431 [31merror[39m: [31mGET /api/v1/users - Not authorized to access this route[39m
2026-05-02 20:44:31:4431 [31merror[39m: [31mGET /api/v1/users - Not authorized to access this route[39m
2026-05-02 20:46:02:462 [31merror[39m: [31mPOST /api/v1/users - Not authorized to access this route[39m
2026-05-02 20:50:10:5010 [31merror[39m: [31mGET /api/v1/users - Not authorized to access this route[39m
2026-05-02 20:50:10:5010 [31merror[39m: [31mGET /api/v1/attendance/summary?employeeId=69f5e884b42950ab7720874a&date=2026-05-02 - Not authorized to access this route[39m
2026-05-02 20:50:10:5010 [31merror[39m: [31mGET /api/v1/attendance/summary?employeeId=69f5e884b42950ab7720874a&date=2026-05-02 - Not authorized to access this route[39m
2026-05-02 20:50:10:5010 [31merror[39m: [31mGET /api/v1/users - Not authorized to access this route[39m
2026-05-02 20:50:11:5011 [31merror[39m: [31mGET /api/v1/users - Not authorized to access this route[39m
2026-05-02 20:50:11:5011 [31merror[39m: [31mGET /api/v1/users - Not authorized to access this route[39m
2026-05-02 20:50:34:5034 [31merror[39m: [31mPOST /api/v1/users - Not authorized to access this route[39m
2026-05-02 20:50:35:5035 [31merror[39m: [31mPOST /api/v1/users - Not authorized to access this route[39m
2026-05-02 20:50:36:5036 [31merror[39m: [31mPOST /api/v1/users - Not authorized to access this route[39m
2026-05-02 20:50:36:5036 [31merror[39m: [31mPOST /api/v1/users - Not authorized to access this route[39m
2026-05-02 20:50:36:5036 [31merror[39m: [31mPOST /api/v1/users - Not authorized to access this route[39m
2026-05-02 20:50:36:5036 [31merror[39m: [31mPOST /api/v1/users - Not authorized to access this route[39m
2026-05-02 20:50:36:5036 [31merror[39m: [31mPOST /api/v1/users - Not authorized to access this route[39m
2026-05-02 20:50:36:5036 [31merror[39m: [31mPOST /api/v1/users - Not authorized to access this route[39m
2026-05-02 20:53:07:537 [31merror[39m: [31mGET /api/v1/attendance/summary?employeeId=69f5e884b42950ab7720874a&date=2026-05-02 - Not authorized to access this route[39m
2026-05-02 20:53:07:537 [31merror[39m: [31mGET /api/v1/users - Not authorized to access this route[39m
2026-05-02 20:53:07:537 [31merror[39m: [31mGET /api/v1/attendance/summary?employeeId=69f5e884b42950ab7720874a&date=2026-05-02 - Not authorized to access this route[39m
2026-05-02 20:53:07:537 [31merror[39m: [31mGET /api/v1/users - Not authorized to access this route[39m
2026-05-02 20:54:41:5441 [31merror[39m: [31mPOST /api/v1/users/invite - Authentication token is missing[39m
2026-05-02 20:54:52:5452 [31merror[39m: [31mGET /api/v1/attendance/summary?employeeId=69f5e884b42950ab7720874a&date=2026-05-02 - Authentication token is missing[39m
2026-05-02 20:54:52:5452 [31merror[39m: [31mGET /api/v1/attendance/summary?employeeId=69f5e884b42950ab7720874a&date=2026-05-02 - Authentication token is missing[39m
2026-05-02 20:54:52:5452 [31merror[39m: [31mGET /api/v1/users - Authentication token is missing[39m
2026-05-02 20:54:52:5452 [31merror[39m: [31mGET /api/v1/users - Authentication token is missing[39m
2026-05-02 20:55:13:5513 [31merror[39m: [31mPOST /api/v1/auth/login - Invalid email or password[39m
2026-05-02 20:55:21:5521 [31merror[39m: [31mGET /api/v1/attendance/summary?employeeId=69f5e884b42950ab7720874a&date=2026-05-02 - Authentication token is missing[39m
2026-05-02 20:55:21:5521 [31merror[39m: [31mGET /api/v1/users - Authentication token is missing[39m
2026-05-02 20:55:21:5521 [31merror[39m: [31mGET /api/v1/attendance/summary?employeeId=69f5e884b42950ab7720874a&date=2026-05-02 - Authentication token is missing[39m
2026-05-02 20:55:21:5521 [31merror[39m: [31mGET /api/v1/users - Authentication token is missing[39m
2026-05-02 20:59:08:598 [31merror[39m: [31mPOST /api/v1/auth/login - Invalid email or password[39m
2026-05-02 21:10:31:1031 [31merror[39m: [31mGET /api/v1/users - Invalid $project :: caused by :: Cannot do inclusion on field email in exclusion projection[39m
2026-05-02 21:10:31:1031 [31merror[39m: [31mGET /api/v1/users - Invalid $project :: caused by :: Cannot do inclusion on field email in exclusion projection[39m
2026-05-02 21:10:33:1033 [31merror[39m: [31mGET /api/v1/users - Invalid $project :: caused by :: Cannot do inclusion on field email in exclusion projection[39m
2026-05-02 21:10:33:1033 [31merror[39m: [31mGET /api/v1/users - Invalid $project :: caused by :: Cannot do inclusion on field email in exclusion projection[39m
2026-05-02 21:10:33:1033 [31merror[39m: [31mGET /api/v1/users - Invalid $project :: caused by :: Cannot do inclusion on field email in exclusion projection[39m
2026-05-02 21:10:33:1033 [31merror[39m: [31mGET /api/v1/users - Invalid $project :: caused by :: Cannot do inclusion on field email in exclusion projection[39m
2026-05-02 21:10:34:1034 [31merror[39m: [31mGET /api/v1/users - Invalid $project :: caused by :: Cannot do inclusion on field email in exclusion projection[39m
2026-05-02 21:10:34:1034 [31merror[39m: [31mGET /api/v1/users - Invalid $project :: caused by :: Cannot do inclusion on field email in exclusion projection[39m
2026-05-02 21:10:34:1034 [31merror[39m: [31mGET /api/v1/users - Invalid $project :: caused by :: Cannot do inclusion on field email in exclusion projection[39m
2026-05-02 21:10:34:1034 [31merror[39m: [31mGET /api/v1/users - Invalid $project :: caused by :: Cannot do inclusion on field email in exclusion projection[39m
2026-05-02 21:10:35:1035 [31merror[39m: [31mGET /api/v1/users - Invalid $project :: caused by :: Cannot do inclusion on field email in exclusion projection[39m
2026-05-02 21:10:35:1035 [31merror[39m: [31mGET /api/v1/users - Invalid $project :: caused by :: Cannot do inclusion on field email in exclusion projection[39m
2026-05-02 21:10:36:1036 [31merror[39m: [31mGET /api/v1/users - Invalid $project :: caused by :: Cannot do inclusion on field email in exclusion projection[39m
2026-05-02 21:10:36:1036 [31merror[39m: [31mGET /api/v1/users - Invalid $project :: caused by :: Cannot do inclusion on field email in exclusion projection[39m
2026-05-02 21:10:38:1038 [31merror[39m: [31mGET /api/v1/users - Invalid $project :: caused by :: Cannot do inclusion on field email in exclusion projection[39m
2026-05-02 21:10:38:1038 [31merror[39m: [31mGET /api/v1/users - Invalid $project :: caused by :: Cannot do inclusion on field email in exclusion projection[39m
2026-05-02 21:10:38:1038 [31merror[39m: [31mGET /api/v1/users - Invalid $project :: caused by :: Cannot do inclusion on field email in exclusion projection[39m
2026-05-02 21:10:39:1039 [31merror[39m: [31mGET /api/v1/users - Invalid $project :: caused by :: Cannot do inclusion on field email in exclusion projection[39m
2026-05-02 21:10:39:1039 [31merror[39m: [31mGET /api/v1/users - Invalid $project :: caused by :: Cannot do inclusion on field email in exclusion projection[39m
2026-05-02 21:10:39:1039 [31merror[39m: [31mGET /api/v1/users - Invalid $project :: caused by :: Cannot do inclusion on field email in exclusion projection[39m
2026-05-02 21:10:40:1040 [31merror[39m: [31mGET /api/v1/users - Invalid $project :: caused by :: Cannot do inclusion on field email in exclusion projection[39m
2026-05-02 21:10:40:1040 [31merror[39m: [31mGET /api/v1/users - Invalid $project :: caused by :: Cannot do inclusion on field email in exclusion projection[39m
2026-05-02 21:10:41:1041 [31merror[39m: [31mGET /api/v1/users - Invalid $project :: caused by :: Cannot do inclusion on field email in exclusion projection[39m
2026-05-02 21:10:41:1041 [31merror[39m: [31mGET /api/v1/users - Invalid $project :: caused by :: Cannot do inclusion on field email in exclusion projection[39m
2026-05-02 21:11:04:114 [31merror[39m: [31mGET /api/v1/users - Invalid $project :: caused by :: Cannot do inclusion on field email in exclusion projection[39m
2026-05-02 21:11:04:114 [31merror[39m: [31mGET /api/v1/users - Invalid $project :: caused by :: Cannot do inclusion on field email in exclusion projection[39m
2026-05-02 21:11:07:117 [31merror[39m: [31mGET /api/v1/users - Invalid $project :: caused by :: Cannot do inclusion on field email in exclusion projection[39m
2026-05-02 21:11:07:117 [31merror[39m: [31mGET /api/v1/users - Invalid $project :: caused by :: Cannot do inclusion on field email in exclusion projection[39m
2026-05-02 21:11:10:1110 [31merror[39m: [31mGET /api/v1/users - Invalid $project :: caused by :: Cannot do inclusion on field email in exclusion projection[39m
2026-05-02 21:11:11:1111 [31merror[39m: [31mGET /api/v1/users - Invalid $project :: caused by :: Cannot do inclusion on field email in exclusion projection[39m
2026-05-02 21:11:18:1118 [31merror[39m: [31mGET /api/v1/users - Invalid $project :: caused by :: Cannot do inclusion on field email in exclusion projection[39m
2026-05-02 21:11:18:1118 [31merror[39m: [31mGET /api/v1/users - Invalid $project :: caused by :: Cannot do inclusion on field email in exclusion projection[39m
2026-05-02 21:13:26:1326 [31merror[39m: [31mGET /api/v1/users - Invalid $project :: caused by :: Cannot do inclusion on field email in exclusion projection[39m
2026-05-02 21:13:26:1326 [31merror[39m: [31mGET /api/v1/users - Invalid $project :: caused by :: Cannot do inclusion on field email in exclusion projection[39m
2026-05-02 21:13:29:1329 [31merror[39m: [31mGET /api/v1/users - Invalid $project :: caused by :: Cannot do inclusion on field email in exclusion projection[39m
2026-05-02 21:13:29:1329 [31merror[39m: [31mGET /api/v1/users - Invalid $project :: caused by :: Cannot do inclusion on field email in exclusion projection[39m
2026-05-02 21:13:30:1330 [31merror[39m: [31mGET /api/v1/users - Invalid $project :: caused by :: Cannot do inclusion on field email in exclusion projection[39m
2026-05-02 21:13:30:1330 [31merror[39m: [31mGET /api/v1/users - Invalid $project :: caused by :: Cannot do inclusion on field email in exclusion projection[39m
2026-05-02 21:13:30:1330 [31merror[39m: [31mGET /api/v1/users - Invalid $project :: caused by :: Cannot do inclusion on field email in exclusion projection[39m
2026-05-02 21:13:30:1330 [31merror[39m: [31mGET /api/v1/users - Invalid $project :: caused by :: Cannot do inclusion on field email in exclusion projection[39m
2026-05-02 21:13:31:1331 [31merror[39m: [31mGET /api/v1/users - Invalid $project :: caused by :: Cannot do inclusion on field email in exclusion projection[39m
2026-05-02 21:13:31:1331 [31merror[39m: [31mGET /api/v1/users - Invalid $project :: caused by :: Cannot do inclusion on field email in exclusion projection[39m
2026-05-02 21:22:00:220 [31merror[39m: [31mGET /api/v1/users - Invalid $project :: caused by :: Cannot do inclusion on field email in exclusion projection[39m
2026-05-02 21:22:00:220 [31merror[39m: [31mGET /api/v1/users - Invalid $project :: caused by :: Cannot do inclusion on field email in exclusion projection[39m
2026-05-02 21:45:19:4519 [31merror[39m: [31mGET /api/v1/users/dashboard - Invalid $project :: caused by :: Cannot do inclusion on field email in exclusion projection[39m
2026-05-02 21:45:19:4519 [31merror[39m: [31mGET /api/v1/users/dashboard - Invalid $project :: caused by :: Cannot do inclusion on field email in exclusion projection[39m
2026-05-02 21:45:20:4520 [31merror[39m: [31mGET /api/v1/users/dashboard - Invalid $project :: caused by :: Cannot do inclusion on field email in exclusion projection[39m
2026-05-02 21:45:22:4522 [31merror[39m: [31mGET /api/v1/users/dashboard - Invalid $project :: caused by :: Cannot do inclusion on field email in exclusion projection[39m
2026-05-02 21:45:23:4523 [31merror[39m: [31mGET /api/v1/users/dashboard - Invalid $project :: caused by :: Cannot do inclusion on field email in exclusion projection[39m
2026-05-02 21:45:23:4523 [31merror[39m: [31mGET /api/v1/users/dashboard - Invalid $project :: caused by :: Cannot do inclusion on field email in exclusion projection[39m
2026-05-02 21:45:29:4529 [31merror[39m: [31mGET /api/v1/users/dashboard - Invalid $project :: caused by :: Cannot do inclusion on field email in exclusion projection[39m
2026-05-02 21:45:30:4530 [31merror[39m: [31mGET /api/v1/users/dashboard - Invalid $project :: caused by :: Cannot do inclusion on field email in exclusion projection[39m
2026-05-02 21:45:31:4531 [31merror[39m: [31mGET /api/v1/users/dashboard - Invalid $project :: caused by :: Cannot do inclusion on field email in exclusion projection[39m
2026-05-02 21:45:33:4533 [31merror[39m: [31mGET /api/v1/users/dashboard - Invalid $project :: caused by :: Cannot do inclusion on field email in exclusion projection[39m
2026-05-02 21:45:33:4533 [31merror[39m: [31mGET /api/v1/users/dashboard - Invalid $project :: caused by :: Cannot do inclusion on field email in exclusion projection[39m
2026-05-02 21:46:38:4638 [31merror[39m: [31mGET /api/v1/users/dashboard - Invalid $project :: caused by :: Cannot do inclusion on field email in exclusion projection[39m
2026-05-02 21:46:38:4638 [31merror[39m: [31mGET /api/v1/users/dashboard - Invalid $project :: caused by :: Cannot do inclusion on field email in exclusion projection[39m
2026-05-02 22:18:23:1823 [31merror[39m: [31mPOST /api/v1/auth/login - Invalid email or password[39m
2026-05-02 22:18:37:1837 [31merror[39m: [31mPOST /api/v1/auth/login - Invalid email or password[39m
2026-05-02 22:18:38:1838 [31merror[39m: [31mPOST /api/v1/auth/login - Invalid email or password[39m
2026-05-02 22:20:36:2036 [31merror[39m: [31mPOST /api/v1/auth/login - Invalid email or password[39m
2026-05-02 22:20:43:2043 [31merror[39m: [31mPOST /api/v1/auth/login - Invalid email or password[39m
2026-05-02 22:21:11:2111 [31merror[39m: [31mPOST /api/v1/auth/login - Invalid email or password[39m
2026-05-02 22:21:12:2112 [31merror[39m: [31mPOST /api/v1/auth/login - Invalid email or password[39m
2026-05-02 22:23:56:2356 [31merror[39m: [31mPOST /api/v1/auth/logout - Authentication token is missing[39m
2026-05-02 22:30:00:300 [31merror[39m: [31mPOST /api/v1/auth/logout - Authentication token is missing[39m
2026-05-02 22:30:27:3027 [31merror[39m: [31mPOST /api/v1/auth/change-password - User account is not active[39m
2026-05-02 22:30:27:3027 [31merror[39m: [31mPOST /api/v1/auth/change-password - User account is not active[39m
2026-05-02 22:30:31:3031 [31merror[39m: [31mPOST /api/v1/auth/change-password - User account is not active[39m
2026-05-02 22:30:32:3032 [31merror[39m: [31mPOST /api/v1/auth/change-password - User account is not active[39m
2026-05-02 22:30:35:3035 [31merror[39m: [31mPOST /api/v1/auth/change-password - User account is not active[39m
2026-05-02 22:30:35:3035 [31merror[39m: [31mPOST /api/v1/auth/change-password - User account is not active[39m
2026-05-02 22:32:39:3239 [31merror[39m: [31mPOST /api/v1/auth/logout - Authentication token is missing[39m
2026-05-02 22:40:10:4010 [31merror[39m: [31mPOST /api/v1/auth/logout - Authentication token is missing[39m
2026-05-02 22:51:54:5154 [31merror[39m: [31mGET /api/v1/users/dashboard - Authentication token is missing[39m
2026-05-02 22:51:54:5154 [31merror[39m: [31mGET /api/v1/users/dashboard - Authentication token is missing[39m
2026-05-02 22:52:47:5247 [31merror[39m: [31mGET /api/v1/users - Authentication token is missing[39m
2026-05-02 22:52:47:5247 [31merror[39m: [31mGET /api/v1/users - Authentication token is missing[39m
2026-05-02 22:55:52:5552 [31merror[39m: [31mGET /api/v1/attendance/today - jwt expired[39m
2026-05-02 22:55:52:5552 [31merror[39m: [31mGET /api/v1/attendance/summary?startDate=2026-05-01T18:30:00.000Z&endDate=2026-05-02T18:29:59.999Z - jwt expired[39m
2026-05-02 22:55:52:5552 [31merror[39m: [31mGET /api/v1/attendance/today - jwt expired[39m
2026-05-02 22:55:52:5552 [31merror[39m: [31mGET /api/v1/attendance/summary?startDate=2026-05-01T18:30:00.000Z&endDate=2026-05-02T18:29:59.999Z - jwt expired[39m
2026-05-02 23:15:14:1514 [31merror[39m: [31mGET /api/v1/users - jwt expired[39m
2026-05-02 23:15:14:1514 [31merror[39m: [31mGET /api/v1/users - jwt expired[39m
2026-05-02 23:27:19:2719 [31merror[39m: [31mGET /api/v1/leaves/types - Authentication token is missing[39m
2026-05-02 23:27:19:2719 [31merror[39m: [31mGET /api/v1/leaves/my-allocations?year=2026 - Authentication token is missing[39m
2026-05-02 23:27:19:2719 [31merror[39m: [31mGET /api/v1/leaves/my-history - Authentication token is missing[39m
2026-05-02 23:27:19:2719 [31merror[39m: [31mGET /api/v1/leaves/types - Authentication token is missing[39m
2026-05-02 23:27:19:2719 [31merror[39m: [31mGET /api/v1/leaves/my-allocations?year=2026 - Authentication token is missing[39m
2026-05-02 23:27:19:2719 [31merror[39m: [31mGET /api/v1/leaves/my-history - Authentication token is missing[39m
2026-05-02 23:33:49:3349 [31merror[39m: [31mGET /api/v1/payroll/dashboard - Authentication token is missing[39m
2026-05-02 23:33:49:3349 [31merror[39m: [31mGET /api/v1/payroll/dashboard - Authentication token is missing[39m
2026-05-02 23:33:53:3353 [31merror[39m: [31mGET /api/v1/payroll/dashboard - jwt expired[39m
2026-05-02 23:33:53:3353 [31merror[39m: [31mGET /api/v1/payroll/dashboard - jwt expired[39m
2026-05-02 23:49:00:490 [31merror[39m: [31mGET /api/v1/users - jwt expired[39m
2026-05-02 23:49:00:490 [31merror[39m: [31mGET /api/v1/users - jwt expired[39m
2026-05-03 00:38:33:3833 [31merror[39m: [31mGET /api/v1/users/dashboard - jwt expired[39m
2026-05-03 00:38:33:3833 [31merror[39m: [31mGET /api/v1/users/dashboard - jwt expired[39m
2026-05-03 00:39:30:3930 [31merror[39m: [31mPOST /api/v1/auth/logout - Authentication token is missing[39m
2026-05-03 01:03:23:323 [31merror[39m: [31mGET /api/v1/users - jwt expired[39m
2026-05-03 01:03:23:323 [31merror[39m: [31mGET /api/v1/users - jwt expired[39m
2026-05-03 01:05:05:55 [31merror[39m: [31mPOST /api/v1/auth/logout - Authentication token is missing[39m
2026-05-03 01:07:11:711 [31merror[39m: [31mPOST /api/v1/leaves/request - Insufficient leave balance[39m
2026-05-03 01:07:31:731 [31merror[39m: [31mPOST /api/v1/leaves/request - Insufficient leave balance[39m
2026-05-03 01:07:34:734 [31merror[39m: [31mPOST /api/v1/leaves/request - Insufficient leave balance[39m
2026-05-03 01:07:34:734 [31merror[39m: [31mPOST /api/v1/leaves/request - Insufficient leave balance[39m
2026-05-03 01:07:35:735 [31merror[39m: [31mPOST /api/v1/leaves/request - Insufficient leave balance[39m
2026-05-03 01:09:17:917 [31merror[39m: [31mPOST /api/v1/leaves/request - Insufficient leave balance[39m
2026-05-03 01:09:22:922 [31merror[39m: [31mPOST /api/v1/auth/logout - Authentication token is missing[39m
2026-05-03 01:09:36:936 [31merror[39m: [31mPOST /api/v1/auth/login - Invalid email or password[39m
2026-05-03 01:09:44:944 [31merror[39m: [31mPOST /api/v1/auth/login - Invalid email or password[39m
2026-05-03 01:09:53:953 [31merror[39m: [31mPOST /api/v1/auth/logout - Authentication token is missing[39m
2026-05-03 01:10:03:103 [31merror[39m: [31mPOST /api/v1/auth/login - Invalid email or password[39m
2026-05-03 01:10:05:105 [31merror[39m: [31mPOST /api/v1/auth/login - Invalid email or password[39m
2026-05-03 01:18:44:1844 [31merror[39m: [31mPOST /api/v1/auth/logout - Authentication token is missing[39m
2026-05-03 01:18:52:1852 [31merror[39m: [31mPOST /api/v1/auth/login - Invalid email or password[39m
2026-05-03 01:19:25:1925 [31merror[39m: [31mPOST /api/v1/leaves/request - Insufficient leave balance[39m
2026-05-03 01:19:28:1928 [31merror[39m: [31mPOST /api/v1/leaves/request - Insufficient leave balance[39m
2026-05-03 01:21:14:2114 [31merror[39m: [31mPOST /api/v1/leaves/request - Insufficient leave balance[39m
2026-05-03 01:21:15:2115 [31merror[39m: [31mPOST /api/v1/leaves/request - Insufficient leave balance[39m
2026-05-03 01:31:20:3120 [31merror[39m: [31mPOST /api/v1/auth/logout - Authentication token is missing[39m
2026-05-03 01:35:53:3553 [31merror[39m: [31mPOST /api/v1/users/invite - E11000 duplicate key error collection: test.users index: email_1 dup key: { email: "faiz@empay.com" }[39m
2026-05-03 01:36:00:360 [31merror[39m: [31mPOST /api/v1/users/invite - E11000 duplicate key error collection: test.users index: email_1 dup key: { email: "faiz@empay.com" }[39m
2026-05-03 01:36:09:369 [31merror[39m: [31mPOST /api/v1/users/invite - E11000 duplicate key error collection: test.users index: email_1 dup key: { email: "faiz@empay.com" }[39m
2026-05-03 01:36:25:3625 [31merror[39m: [31mPOST /api/v1/users/invite - E11000 duplicate key error collection: test.users index: email_1 dup key: { email: "faiz@empay.com" }[39m
2026-05-03 01:36:29:3629 [31merror[39m: [31mPOST /api/v1/users/invite - E11000 duplicate key error collection: test.users index: email_1 dup key: { email: "faiz@empay.com" }[39m
2026-05-03 01:37:21:3721 [31merror[39m: [31mPOST /api/v1/users/invite - E11000 duplicate key error collection: test.employeeprofiles index: employeeId_1 dup key: { employeeId: "emp-002" }[39m
2026-05-03 02:08:37:837 [31merror[39m: [31mPOST /api/v1/users/invite - jwt expired[39m
2026-05-03 02:08:37:837 [31merror[39m: [31mPOST /api/v1/users/invite - E11000 duplicate key error collection: test.employeeprofiles index: employeeId_1 dup key: { employeeId: "emp-002" }[39m
2026-05-03 02:09:02:92 [31merror[39m: [31mPOST /api/v1/users/invite - E11000 duplicate key error collection: test.employeeprofiles index: employeeId_1 dup key: { employeeId: "emp-002" }[39m
2026-05-03 02:09:13:913 [31merror[39m: [31mPOST /api/v1/users/invite - E11000 duplicate key error collection: test.employeeprofiles index: employeeId_1 dup key: { employeeId: "emp-002" }[39m
2026-05-03 02:10:10:1010 [31merror[39m: [31mPOST /api/v1/auth/logout - Authentication token is missing[39m
2026-05-03 02:27:07:277 [31merror[39m: [31mGET /api/v1/users/profile/me - jwt expired[39m
2026-05-03 02:27:07:277 [31merror[39m: [31mGET /api/v1/users/profile/me - jwt expired[39m
2026-05-03 02:29:12:2912 [31merror[39m: [31mPOST /api/v1/auth/logout - Authentication token is missing[39m
2026-05-03 02:35:19:3519 [31merror[39m: [31mPOST /api/v1/auth/logout - Authentication token is missing[39m
2026-05-03 02:51:39:5139 [31merror[39m: [31mGET /api/v1/payroll/payruns - jwt expired[39m
2026-05-03 02:51:39:5139 [31merror[39m: [31mGET /api/v1/payroll/payruns - jwt expired[39m
2026-05-03 03:07:16:716 [31merror[39m: [31mGET /api/v1/notifications/me - Authentication token is missing[39m
2026-05-03 03:07:16:716 [31merror[39m: [31mGET /api/v1/users - Authentication token is missing[39m
2026-05-03 03:07:16:716 [31merror[39m: [31mGET /api/v1/notifications/me - Authentication token is missing[39m
2026-05-03 03:07:16:716 [31merror[39m: [31mGET /api/v1/users - Authentication token is missing[39m
2026-05-03 03:09:44:944 [31merror[39m: [31mGET /api/v1/notifications/me - Authentication token is missing[39m
2026-05-03 03:09:44:944 [31merror[39m: [31mGET /api/v1/reports/employees - Authentication token is missing[39m
2026-05-03 03:09:44:944 [31merror[39m: [31mGET /api/v1/notifications/me - Authentication token is missing[39m
2026-05-03 03:09:44:944 [31merror[39m: [31mGET /api/v1/reports/employees - Authentication token is missing[39m
2026-05-03 03:09:44:944 [31merror[39m: [31mGET /api/v1/notifications/me - Authentication token is missing[39m
2026-05-03 03:09:44:944 [31merror[39m: [31mGET /api/v1/users - Authentication token is missing[39m
2026-05-03 03:09:44:944 [31merror[39m: [31mGET /api/v1/notifications/me - Authentication token is missing[39m
2026-05-03 03:09:45:945 [31merror[39m: [31mGET /api/v1/users - Authentication token is missing[39m
2026-05-03 03:09:46:946 [31merror[39m: [31mGET /api/v1/notifications/me - Authentication token is missing[39m
2026-05-03 03:09:46:946 [31merror[39m: [31mGET /api/v1/users/dashboard - Authentication token is missing[39m
2026-05-03 03:09:46:946 [31merror[39m: [31mGET /api/v1/notifications/me - Authentication token is missing[39m
2026-05-03 03:09:46:946 [31merror[39m: [31mGET /api/v1/users/dashboard - Authentication token is missing[39m
2026-05-03 03:09:47:947 [31merror[39m: [31mGET /api/v1/users/dashboard - Authentication token is missing[39m
2026-05-03 03:12:25:1225 [31merror[39m: [31mGET /api/v1/notifications/me - jwt expired[39m
2026-05-03 03:12:25:1225 [31merror[39m: [31mGET /api/v1/notifications/me - jwt expired[39m
2026-05-03 03:12:25:1225 [31merror[39m: [31mGET /api/v1/users/dashboard - jwt expired[39m
2026-05-03 03:12:25:1225 [31merror[39m: [31mGET /api/v1/users/dashboard - jwt expired[39m
2026-05-03 03:15:44:1544 [31merror[39m: [31mGET /api/v1/users/dashboard - Authentication token is missing[39m
2026-05-03 03:20:17:2017 [31merror[39m: [31mGET /api/v1/notifications/me - jwt expired[39m
2026-05-03 03:20:17:2017 [31merror[39m: [31mGET /api/v1/users/dashboard - jwt expired[39m
2026-05-03 03:20:17:2017 [31merror[39m: [31mGET /api/v1/notifications/me - jwt expired[39m
2026-05-03 03:20:17:2017 [31merror[39m: [31mGET /api/v1/users/dashboard - jwt expired[39m
2026-05-03 03:35:20:3520 [31merror[39m: [31mGET /api/v1/notifications/me - jwt expired[39m
2026-05-03 03:35:20:3520 [31merror[39m: [31mGET /api/v1/payroll/dashboard - jwt expired[39m
2026-05-03 03:35:20:3520 [31merror[39m: [31mGET /api/v1/notifications/me - jwt expired[39m
2026-05-03 03:35:20:3520 [31merror[39m: [31mGET /api/v1/payroll/dashboard - jwt expired[39m
